<?xml version="1.0" encoding="UTF-8"?>
<testng-results ignored="0" total="1" passed="1" failed="0" skipped="0">
  <reporter-output>
  </reporter-output>
  <suite started-at="2023-03-25T23:13:56 CAT" name="Default suite" finished-at="2023-03-25T23:13:58 CAT" duration-ms="1645">
    <groups>
    </groups>
    <test started-at="2023-03-25T23:13:56 CAT" name="Default test" finished-at="2023-03-25T23:13:58 CAT" duration-ms="1645">
      <class name="trainingApi.PostRequest">
        <test-method signature="createUser()[pri:0, instance:trainingApi.PostRequest@27f981c6]" started-at="2023-03-25T23:13:56 CAT" name="createUser" finished-at="2023-03-25T23:13:58 CAT" duration-ms="1600" status="PASS">
          <reporter-output>
          </reporter-output>
        </test-method> <!-- createUser -->
      </class> <!-- trainingApi.PostRequest -->
    </test> <!-- Default test -->
  </suite> <!-- Default suite -->
</testng-results>
